[33m❯[39m Parse Configuration
[32m✔[39m Parse Configuration
[33m❯[39m Generate outputs
[33m❯[39m Generate to frontend/xdstudio/src/libs/graphql/generates/generated.ts
[33m❯[39m Generate to graphql/generates/
[33m❯[39m Generate to graphql/generates/graphql.schema.graphql
[33m❯[39m Load GraphQL schemas
[33m❯[39m Load GraphQL schemas
[33m❯[39m Load GraphQL schemas
[32m✔[39m Load GraphQL schemas
[32m✔[39m Load GraphQL schemas
[32m✔[39m Load GraphQL schemas
[33m❯[39m Load GraphQL documents
[33m❯[39m Load GraphQL documents
[33m❯[39m Load GraphQL documents
[32m✔[39m Load GraphQL documents
[32m✔[39m Load GraphQL documents
[33m❯[39m Generate
[33m❯[39m Generate
[31m✖[39m Generate [31m[FAILED: GraphQL Document Validation failed with 2 errors;
  Error 0: Cannot query field "deleteCartItems" on type "Mutation". Did you mean "deleteCartItem", "createCartItem", "deleteCart", "deleteUserItem", or "updateCartItem"?
    at D:/WorkStation/XDStudio/graphql/operations/cartItem.ts:3:5

Error 1: Cannot query field "name" on type "User".
    at D:/WorkStation/XDStudio/graphql/operations/userItem.ts:31:11][39m
[31m✖[39m Generate [31m[FAILED: GraphQL Document Validation failed with 2 errors;
  Error 0: Cannot query field "deleteCartItems" on type "Mutation". Did you mean "deleteCartItem", "createCartItem", "deleteCart", "deleteUserItem", or "updateCartItem"?
    at D:/WorkStation/XDStudio/graphql/operations/cartItem.ts:3:5

Error 1: Cannot query field "name" on type "User".
    at D:/WorkStation/XDStudio/graphql/operations/userItem.ts:31:11][39m
[32m✔[39m Load GraphQL documents
[33m❯[39m Generate
[31m✖[39m Generate [31m[FAILED: GraphQL Document Validation failed with 2 errors;
  Error 0: Cannot query field "deleteCartItems" on type "Mutation". Did you mean "deleteCartItem", "createCartItem", "deleteCart", "deleteUserItem", or "updateCartItem"?
    at D:/WorkStation/XDStudio/graphql/operations/cartItem.ts:3:5

Error 1: Cannot query field "name" on type "User".
    at D:/WorkStation/XDStudio/graphql/operations/userItem.ts:31:11][39m
[32m✔[39m Generate outputs
  ✖ One or more errors occurred, no files were generated. To allow output on errors, set config.allowPartialOutputs=true
