[33m❯[39m Parse Configuration
[32m✔[39m Parse Configuration
[33m❯[39m Generate outputs
[33m❯[39m Generate to frontend/xdstudio/src/libs/graphql/generates/generated.ts
[33m❯[39m Generate to graphql/generates/
[33m❯[39m Generate to graphql/generates/graphql.schema.graphql
[33m❯[39m Load GraphQL schemas
[33m❯[39m Load GraphQL schemas
[33m❯[39m Load GraphQL schemas
[32m✔[39m Load GraphQL schemas
[32m✔[39m Load GraphQL schemas
[32m✔[39m Load GraphQL schemas
[33m❯[39m Load GraphQL documents
[33m❯[39m Load GraphQL documents
[33m❯[39m Load GraphQL documents
[32m✔[39m Load GraphQL documents
[32m✔[39m Load GraphQL documents
[33m❯[39m Generate
[33m❯[39m Generate
[32m✔[39m Generate
[32m✔[39m Generate
[32m✔[39m Generate to frontend/xdstudio/src/libs/graphql/generates/generated.ts
[32m✔[39m Generate to graphql/generates/graphql.schema.graphql
[32m✔[39m Load GraphQL documents
[33m❯[39m Generate
[32m✔[39m Generate
[32m✔[39m Generate to graphql/generates/
[32m✔[39m Generate outputs
